<?xml version="1.0" encoding="UTF-8"?>
<!-- Generated by org.testng.reporters.JUnitReportReporter -->
<testsuite hostname="DESKTOP-K0ONJ7J" failures="0" tests="1" name="TestBase.TestBase" time="0.010" errors="0" timestamp="2025-02-01T10:19:56 IST" skipped="0">
  <testcase classname="TestBase.TestBase" name="teardottwn" time="0.010"/>
</testsuite> <!-- TestBase.TestBase -->
