<?xml version="1.0" encoding="UTF-8"?>
<!-- Generated by org.testng.reporters.JUnitReportReporter -->
<testsuite hostname="DESKTOP-K0ONJ7J" failures="0" tests="1" name="TestCases.LoginTest" time="8.099" errors="0" timestamp="2025-02-01T14:28:51 IST" skipped="0">
  <testcase classname="TestCases.LoginTest" name="Perform_login_as_tutor" time="8.099"/>
</testsuite> <!-- TestCases.LoginTest -->
