<?xml version="1.0" encoding="UTF-8"?>
<!-- Generated by org.testng.reporters.JUnitReportReporter -->
<testsuite hostname="DESKTOP-K0ONJ7J" failures="0" tests="3" name="TestCases.CreatingAndSchedulingSessionTest1" time="30.443" errors="0" timestamp="2025-02-02T17:12:10 IST" skipped="0">
  <testcase classname="TestCases.CreatingAndSchedulingSessionTest1" name="Perform_login_as_tutor" time="10.013"/>
  <testcase classname="TestCases.CreatingAndSchedulingSessionTest1" name="verify_opening_of_existing_class_functionality" time="3.652"/>
  <testcase classname="TestCases.CreatingAndSchedulingSessionTest1" name="verify_SchedulingSession_for_class_functionality" time="16.778"/>
</testsuite> <!-- TestCases.CreatingAndSchedulingSessionTest1 -->
