<?xml version="1.0" encoding="UTF-8"?>
<!-- Generated by org.testng.reporters.JUnitReportReporter -->
<testsuite hostname="DESKTOP-K0ONJ7J" failures="0" tests="4" name="TestCases.CreatingAndSchedulingSessionTest1" time="31.603" errors="0" timestamp="2025-02-03T14:43:01 IST" skipped="0">
  <testcase classname="TestCases.CreatingAndSchedulingSessionTest1" name="Perform_login_as_tutor" time="9.808"/>
  <testcase classname="TestCases.CreatingAndSchedulingSessionTest1" name="verify_opening_of_existing_class_functionality" time="3.616"/>
  <testcase classname="TestCases.CreatingAndSchedulingSessionTest1" name="verify_SchedulingSession_for_class_functionality" time="16.900"/>
  <testcase classname="TestCases.CreatingAndSchedulingSessionTest1" name="verify_LogOut_functionality" time="1.279"/>
</testsuite> <!-- TestCases.CreatingAndSchedulingSessionTest1 -->
